Build started 8/11/2015 11:53:57 AM.
     1>Project "C:\Users\Jagmeet\documents\visual studio 2013\Projects\StringManipulation\StringManipulation\StringManipulation.vcxproj" on node 2 (Build target(s)).
     1>ClCompile:
         C:\Program Files (x86)\Microsoft Visual Studio 12.0\VC\bin\CL.exe /c /ZI /nologo /W3 /WX- /sdl /Od /Oy- /D WIN32 /D _DEBUG /D _CONSOLE /D _LIB /D _UNICODE /D UNICODE /Gm /EHsc /RTC1 /MDd /GS /fp:precise /Zc:wchar_t /Zc:forScope /Yu"stdafx.h" /Fp"Debug\StringManipulation.pch" /Fo"Debug\\" /Fd"Debug\vc120.pdb" /Gd /TP /analyze- /errorReport:prompt StringManipulation.cpp
         StringManipulation.cpp
     1>c:\users\jagmeet\documents\visual studio 2013\projects\stringmanipulation\stringmanipulation\stringmanipulation.cpp(36): warning C4018: '<' : signed/unsigned mismatch
     1>c:\users\jagmeet\documents\visual studio 2013\projects\stringmanipulation\stringmanipulation\stringmanipulation.cpp(40): warning C4018: '<' : signed/unsigned mismatch
     1>c:\users\jagmeet\documents\visual studio 2013\projects\stringmanipulation\stringmanipulation\stringmanipulation.cpp(70): warning C4018: '<' : signed/unsigned mismatch
     1>c:\users\jagmeet\documents\visual studio 2013\projects\stringmanipulation\stringmanipulation\stringmanipulation.cpp(78): warning C4018: '<' : signed/unsigned mismatch
     1>c:\users\jagmeet\documents\visual studio 2013\projects\stringmanipulation\stringmanipulation\stringmanipulation.cpp(92): warning C4018: '<' : signed/unsigned mismatch
     1>c:\users\jagmeet\documents\visual studio 2013\projects\stringmanipulation\stringmanipulation\stringmanipulation.cpp(101): warning C4018: '<' : signed/unsigned mismatch
     1>c:\users\jagmeet\documents\visual studio 2013\projects\stringmanipulation\stringmanipulation\stringmanipulation.cpp(126): warning C4018: '<' : signed/unsigned mismatch
     1>c:\users\jagmeet\documents\visual studio 2013\projects\stringmanipulation\stringmanipulation\stringmanipulation.cpp(176): warning C4018: '<' : signed/unsigned mismatch
     1>c:\users\jagmeet\documents\visual studio 2013\projects\stringmanipulation\stringmanipulation\stringmanipulation.cpp(177): warning C4018: '<' : signed/unsigned mismatch
     1>c:\users\jagmeet\documents\visual studio 2013\projects\stringmanipulation\stringmanipulation\stringmanipulation.cpp(190): warning C4018: '<' : signed/unsigned mismatch
       Link:
         C:\Program Files (x86)\Microsoft Visual Studio 12.0\VC\bin\link.exe /ERRORREPORT:PROMPT /OUT:"C:\Users\Jagmeet\documents\visual studio 2013\Projects\StringManipulation\Debug\StringManipulation.exe" /INCREMENTAL /NOLOGO kernel32.lib user32.lib gdi32.lib winspool.lib comdlg32.lib advapi32.lib shell32.lib ole32.lib oleaut32.lib uuid.lib odbc32.lib odbccp32.lib /MANIFEST /MANIFESTUAC:"level='asInvoker' uiAccess='false'" /manifest:embed /DEBUG /PDB:"C:\Users\Jagmeet\documents\visual studio 2013\Projects\StringManipulation\Debug\StringManipulation.pdb" /SUBSYSTEM:CONSOLE /TLBID:1 /DYNAMICBASE /NXCOMPAT /IMPLIB:"C:\Users\Jagmeet\documents\visual studio 2013\Projects\StringManipulation\Debug\StringManipulation.lib" /MACHINE:X86 Debug\stdafx.obj
         Debug\StringManipulation.obj
         StringManipulation.vcxproj -> C:\Users\Jagmeet\documents\visual studio 2013\Projects\StringManipulation\Debug\StringManipulation.exe
     1>Done Building Project "C:\Users\Jagmeet\documents\visual studio 2013\Projects\StringManipulation\StringManipulation\StringManipulation.vcxproj" (Build target(s)).

Build succeeded.

Time Elapsed 00:00:01.00
